<?xml version="1.0" encoding="UTF-8"?>
<testsuite xmlns:xsi="http://www.w3.org/2001/XMLSchema-instance" xsi:noNamespaceSchemaLocation="https://maven.apache.org/surefire/maven-surefire-plugin/xsd/surefire-test-report-3.0.xsd" version="3.0" name="com.gobierno.seguimiento_egresado.EguimientoEgresadoApplicationTests" time="7.115" tests="1" errors="0" skipped="0" failures="0">
  <properties>
[...]
</properties>
  <testcase name="contextLoads" classname="com.gobierno.seguimiento_egresado.EguimientoEgresadoApplicationTests" time="0.356">
    <system-out><![CDATA[00:57:34.424 [main] INFO org.springframework.test.context.support.AnnotationConfigContextLoaderUtils -- Could not detect default configuration classes for test class [com.gobierno.seguimiento_egresado.EguimientoEgresadoApplicationTests]: EguimientoEgresadoApplicationTests does not declare any static, non-private, non-final, nested classes annotated with @Configuration.
00:57:34.497 [main] INFO org.springframework.boot.test.context.SpringBootTestContextBootstrapper -- Found @SpringBootConfiguration com.gobierno.seguimiento_egresado.SeguimientoEgresadoApplication for test class com.gobierno.seguimiento_egresado.EguimientoEgresadoApplicationTests

  .   ____          _            __ _ _
 /\\ / ___'_ __ _ _(_)_ __  __ _ \ \ \ \
( ( )\___ | '_ | '_| | '_ \/ _` | \ \ \ \
 \\/  ___)| |_)| | | | | || (_| |  ) ) ) )
  '  |____| .__|_| |_|_| |_\__, | / / / /
 =========|_|==============|___/=/_/_/_/

 :: Spring Boot ::                (v3.3.2)

2024-09-09T00:57:34.910-05:00  INFO 8816 --- [seguimiento-egresado] [           main] c.g.s.EguimientoEgresadoApplicationTests : Starting EguimientoEgresadoApplicationTests using Java 22.0.2 with PID 8816 (started by Dagner in D:\IST. ENRIQUE LOPEZ ALBUJAR\eguimiento-egresado)
2024-09-09T00:57:34.911-05:00  INFO 8816 --- [seguimiento-egresado] [           main] c.g.s.EguimientoEgresadoApplicationTests : No active profile set, falling back to 1 default profile: "default"
2024-09-09T00:57:35.439-05:00  INFO 8816 --- [seguimiento-egresado] [           main] .s.d.r.c.RepositoryConfigurationDelegate : Bootstrapping Spring Data JPA repositories in DEFAULT mode.
2024-09-09T00:57:35.493-05:00  INFO 8816 --- [seguimiento-egresado] [           main] .s.d.r.c.RepositoryConfigurationDelegate : Finished Spring Data repository scanning in 46 ms. Found 4 JPA repository interfaces.
2024-09-09T00:57:35.891-05:00  INFO 8816 --- [seguimiento-egresado] [           main] o.hibernate.jpa.internal.util.LogHelper  : HHH000204: Processing PersistenceUnitInfo [name: default]
2024-09-09T00:57:35.935-05:00  INFO 8816 --- [seguimiento-egresado] [           main] org.hibernate.Version                    : HHH000412: Hibernate ORM core version 6.5.2.Final
2024-09-09T00:57:35.960-05:00  INFO 8816 --- [seguimiento-egresado] [           main] o.h.c.internal.RegionFactoryInitiator    : HHH000026: Second-level cache disabled
2024-09-09T00:57:36.197-05:00  INFO 8816 --- [seguimiento-egresado] [           main] o.s.o.j.p.SpringPersistenceUnitInfo      : No LoadTimeWeaver setup: ignoring JPA class transformer
2024-09-09T00:57:36.219-05:00  INFO 8816 --- [seguimiento-egresado] [           main] com.zaxxer.hikari.HikariDataSource       : HikariPool-1 - Starting...
2024-09-09T00:57:37.656-05:00  INFO 8816 --- [seguimiento-egresado] [           main] com.zaxxer.hikari.pool.HikariPool        : HikariPool-1 - Added connection com.mysql.cj.jdbc.ConnectionImpl@7df3da0b
2024-09-09T00:57:37.659-05:00  INFO 8816 --- [seguimiento-egresado] [           main] com.zaxxer.hikari.HikariDataSource       : HikariPool-1 - Start completed.
2024-09-09T00:57:37.789-05:00  WARN 8816 --- [seguimiento-egresado] [           main] org.hibernate.dialect.Dialect            : HHH000511: The 5.5.5 version for [org.hibernate.dialect.MySQLDialect] is no longer supported, hence certain features may not work properly. The minimum supported version is 8.0.0. Check the community dialects project for available legacy versions.
2024-09-09T00:57:37.792-05:00  WARN 8816 --- [seguimiento-egresado] [           main] org.hibernate.orm.deprecation            : HHH90000025: MySQLDialect does not need to be specified explicitly using 'hibernate.dialect' (remove the property setting and it will be selected by default)
2024-09-09T00:57:38.407-05:00  INFO 8816 --- [seguimiento-egresado] [           main] o.h.e.t.j.p.i.JtaPlatformInitiator       : HHH000489: No JTA platform available (set 'hibernate.transaction.jta.platform' to enable JTA platform integration)
2024-09-09T00:57:39.751-05:00  INFO 8816 --- [seguimiento-egresado] [           main] j.LocalContainerEntityManagerFactoryBean : Initialized JPA EntityManagerFactory for persistence unit 'default'
2024-09-09T00:57:39.968-05:00  INFO 8816 --- [seguimiento-egresado] [           main] o.s.d.j.r.query.QueryEnhancerFactory     : Hibernate is in classpath; If applicable, HQL parser will be used.
2024-09-09T00:57:40.279-05:00  INFO 8816 --- [seguimiento-egresado] [           main] r$InitializeUserDetailsManagerConfigurer : Global AuthenticationManager configured with UserDetailsService bean with name customUserDetailsService
2024-09-09T00:57:40.339-05:00  WARN 8816 --- [seguimiento-egresado] [           main] JpaBaseConfiguration$JpaWebConfiguration : spring.jpa.open-in-view is enabled by default. Therefore, database queries may be performed during view rendering. Explicitly configure spring.jpa.open-in-view to disable this warning
2024-09-09T00:57:41.047-05:00  INFO 8816 --- [seguimiento-egresado] [           main] c.g.s.EguimientoEgresadoApplicationTests : Started EguimientoEgresadoApplicationTests in 6.439 seconds (process running for 7.154)
]]></system-out>
    <system-err><![CDATA[WARNING: A Java agent has been loaded dynamically (C:\Users\Dagner Chuman\.m2\repository\net\bytebuddy\byte-buddy-agent\1.14.18\byte-buddy-agent-1.14.18.jar)
WARNING: If a serviceability tool is in use, please run with -XX:+EnableDynamicAgentLoading to hide this warning
WARNING: If a serviceability tool is not in use, please run with -Djdk.instrument.traceUsage for more information
WARNING: Dynamic loading of agents will be disallowed by default in a future release
]]></system-err>
  </testcase>
</testsuite>